Using pre-set license
Built from '2020.2/staging' branch; Version is '2020.2.3f1 (8ff31bc5bf5b) revision 9433883'; Using compiler version '192528614'; Build Type 'Release'
OS: 'Windows 10 Home; OS build 19041.804; Version 2004; 64bit' Language: 'en' Physical Memory: 16299 MB
BatchMode: 1, IsHumanControllingUs: 0, StartBugReporterOnCrash: 0, Is64bit: 1, IsPro: 0

 COMMAND LINE ARGUMENTS:
D:\Unity\2020.2.3f1\Editor\Unity.exe
-adb2
-batchMode
-noUpm
-name
AssetImportWorker0
-projectPath
D:/Unity/Unity Projects/URP Toon Shader
-logFile
Logs/AssetImportWorker0.log
-srvPort
60930
Successfully changed project path to: D:/Unity/Unity Projects/URP Toon Shader
D:/Unity/Unity Projects/URP Toon Shader
Using Asset Import Pipeline V2.
Refreshing native plugins compatible for Editor in 50.08 ms, found 0 plugins.
Preloading 0 native plugins for Editor in 0.00 ms.
Initialize engine version: 2020.2.3f1 (8ff31bc5bf5b)
[Subsystems] Discovering subsystems at path D:/Unity/2020.2.3f1/Editor/Data/Resources/UnitySubsystems
[Subsystems] Discovering subsystems at path D:/Unity/Unity Projects/URP Toon Shader/Assets
GfxDevice: creating device client; threaded=0
Direct3D:
    Version:  Direct3D 11.0 [level 11.1]
    Renderer: Radeon 500 Series (ID=0x699f)
    Vendor:   
    VRAM:     2028 MB
    Driver:   27.20.12033.2007
Shader 'Universal Render Pipeline/Particles/Lit': fallback shader 'Universal Render Pipeline/Particles/SimpleLit' not found
Initialize mono
Mono path[0] = 'D:/Unity/2020.2.3f1/Editor/Data/Managed'
Mono path[1] = 'D:/Unity/2020.2.3f1/Editor/Data/MonoBleedingEdge/lib/mono/unityjit'
Mono config path = 'D:/Unity/2020.2.3f1/Editor/Data/MonoBleedingEdge/etc'
Using monoOptions --debugger-agent=transport=dt_socket,embedding=1,server=y,suspend=n,address=127.0.0.1:56192
Begin MonoManager ReloadAssembly
Registering precompiled unity dll's ...
Register platform support module: D:/Unity/2020.2.3f1/Editor/Data/PlaybackEngines/WindowsStandaloneSupport/UnityEditor.WindowsStandalone.Extensions.dll
Registered in 0.001236 seconds.
Native extension for WindowsStandalone target not found
Refreshing native plugins compatible for Editor in 47.38 ms, found 0 plugins.
Preloading 0 native plugins for Editor in 0.00 ms.
Invoked RoslynAnalysisRunner static constructor.
RoslynAnalysisRunner will not be running.
RoslynAnalysisRunner has terminated.
Mono: successfully reloaded assembly
- Completed reload, in  1.110 seconds
Platform modules already initialized, skipping
Registering precompiled user dll's ...
Registered in 0.001216 seconds.
Begin MonoManager ReloadAssembly
Native extension for WindowsStandalone target not found
Refreshing native plugins compatible for Editor in 49.99 ms, found 0 plugins.
Preloading 0 native plugins for Editor in 0.00 ms.
Invoked RoslynAnalysisRunner static constructor.
RoslynAnalysisRunner will not be running.
RoslynAnalysisRunner has terminated.
Mono: successfully reloaded assembly
- Completed reload, in  1.047 seconds
Platform modules already initialized, skipping
========================================================================
Worker process is ready to serve import requests
Shader 'Universal Render Pipeline/Particles/Lit': fallback shader 'Universal Render Pipeline/Particles/SimpleLit' not found
Launched and connected shader compiler UnityShaderCompiler.exe after 0.13 seconds
Refreshing native plugins compatible for Editor in 0.50 ms, found 0 plugins.
Preloading 0 native plugins for Editor in 0.00 ms.
Unloading 2523 Unused Serialized files (Serialized files now loaded: 0)
System memory in use before: 122.1 MB.
System memory in use after: 122.3 MB.

Unloading 10 unused Assets to reduce memory usage. Loaded Objects now: 2970.
Total: 2.487100 ms (FindLiveObjects: 0.487600 ms CreateObjectMapping: 0.290400 ms MarkObjects: 1.644700 ms  DeleteObjects: 0.063400 ms)

========================================================================
Received Import Request.
  path: Assets/Toon Shader URP/Sub Graphs/Toon Rim Lighting Module.shadersubgraph
  artifactKey: Guid(c2f98d08a3c9b494d98337091343fdf4) Importer(815301076,1909f56bfc062723c751e8b465ee728b)
Start importing Assets/Toon Shader URP/Sub Graphs/Toon Rim Lighting Module.shadersubgraph using Guid(c2f98d08a3c9b494d98337091343fdf4) Importer(815301076,1909f56bfc062723c751e8b465ee728b)  -> (artifact id: '155bda69bdedf84114d247714800e471') in 0.050394 seconds
  Import took 0.054519 seconds .

========================================================================
Received Import Request.
  Time since last request: 0.000276 seconds.
  path: Assets/Toon Shader URP/Sub Graphs/Smoothness Calculation.shadersubgraph
  artifactKey: Guid(8c2f2e76a4bbb64419127b5e037bead0) Importer(815301076,1909f56bfc062723c751e8b465ee728b)
Start importing Assets/Toon Shader URP/Sub Graphs/Smoothness Calculation.shadersubgraph using Guid(8c2f2e76a4bbb64419127b5e037bead0) Importer(815301076,1909f56bfc062723c751e8b465ee728b)  -> (artifact id: '12f98902aa9c80fb66d95c548579b7a5') in 0.007771 seconds
  Import took 0.012926 seconds .

========================================================================
Received Import Request.
  Time since last request: 0.000264 seconds.
  path: Assets/Toon Shader URP/Sub Graphs/Diffuse Attenuation Module.shadersubgraph
  artifactKey: Guid(3a74e26d7ecdeef48b7438f485ee0afd) Importer(815301076,1909f56bfc062723c751e8b465ee728b)
Start importing Assets/Toon Shader URP/Sub Graphs/Diffuse Attenuation Module.shadersubgraph using Guid(3a74e26d7ecdeef48b7438f485ee0afd) Importer(815301076,1909f56bfc062723c751e8b465ee728b)  -> (artifact id: '85bf825417c9fce0f45abdac694968c3') in 0.006018 seconds
  Import took 0.010705 seconds .

========================================================================
Received Import Request.
  Time since last request: 0.000223 seconds.
  path: Assets/Toon Shader URP/Sub Graphs/Diffuse Ramping Module.shadersubgraph
  artifactKey: Guid(b4d25a03dba5edc4385c7cb9519e3153) Importer(815301076,1909f56bfc062723c751e8b465ee728b)
Start importing Assets/Toon Shader URP/Sub Graphs/Diffuse Ramping Module.shadersubgraph using Guid(b4d25a03dba5edc4385c7cb9519e3153) Importer(815301076,1909f56bfc062723c751e8b465ee728b)  -> (artifact id: 'a32d07b257233e511767c1d75f4bcccb') in 0.013644 seconds
  Import took 0.017965 seconds .

========================================================================
Received Import Request.
  Time since last request: 0.000449 seconds.
  path: Assets/Toon Shader URP/Sub Graphs/Specular Attenuation Module.shadersubgraph
  artifactKey: Guid(6a9057db64f3ccc48b8179831ce96499) Importer(815301076,1909f56bfc062723c751e8b465ee728b)
Start importing Assets/Toon Shader URP/Sub Graphs/Specular Attenuation Module.shadersubgraph using Guid(6a9057db64f3ccc48b8179831ce96499) Importer(815301076,1909f56bfc062723c751e8b465ee728b)  -> (artifact id: '193f088aeef95f1ceb156a9ec98af363') in 0.009338 seconds
  Import took 0.015520 seconds .

========================================================================
Received Import Request.
  Time since last request: 0.000355 seconds.
  path: Assets/Toon Shader URP/Sub Graphs/Lambert Lighting Model Module.shadersubgraph
  artifactKey: Guid(a69484040f7b9ae4d8b9d6d79f851706) Importer(815301076,1909f56bfc062723c751e8b465ee728b)
Start importing Assets/Toon Shader URP/Sub Graphs/Lambert Lighting Model Module.shadersubgraph using Guid(a69484040f7b9ae4d8b9d6d79f851706) Importer(815301076,1909f56bfc062723c751e8b465ee728b)  -> (artifact id: '0d7681b148529130fc95838ee5b61b86') in 0.006204 seconds
  Import took 0.011813 seconds .

========================================================================
Received Import Request.
  Time since last request: 0.000275 seconds.
  path: Assets/Toon Shader URP/Sub Graphs/Additional Light Calculation Module.shadersubgraph
  artifactKey: Guid(e82310ffa3448734c86a3b1a5fb95dee) Importer(815301076,1909f56bfc062723c751e8b465ee728b)
Start importing Assets/Toon Shader URP/Sub Graphs/Additional Light Calculation Module.shadersubgraph using Guid(e82310ffa3448734c86a3b1a5fb95dee) Importer(815301076,1909f56bfc062723c751e8b465ee728b)  -> (artifact id: '4fae3c612776582a29058d60557c7632') in 0.014227 seconds
  Import took 0.019219 seconds .

========================================================================
Received Import Request.
  Time since last request: 0.000358 seconds.
  path: Assets/Toon Shader URP/Sub Graphs/Toon Shading Modular.shadersubgraph
  artifactKey: Guid(313f7c23752752e41adce696f6cd23bf) Importer(815301076,1909f56bfc062723c751e8b465ee728b)
Start importing Assets/Toon Shader URP/Sub Graphs/Toon Shading Modular.shadersubgraph using Guid(313f7c23752752e41adce696f6cd23bf) Importer(815301076,1909f56bfc062723c751e8b465ee728b)  -> (artifact id: 'ac530aae347c4db8573958bd73ec7109') in 0.012023 seconds
  Import took 0.016213 seconds .

========================================================================
Received Import Request.
  Time since last request: 0.000370 seconds.
  path: Assets/Toon Shader URP/Sub Graphs/Main Light Calculation Module.shadersubgraph
  artifactKey: Guid(02c10bc5b1bb7dd42bb4aea3fdebc91e) Importer(815301076,1909f56bfc062723c751e8b465ee728b)
Start importing Assets/Toon Shader URP/Sub Graphs/Main Light Calculation Module.shadersubgraph using Guid(02c10bc5b1bb7dd42bb4aea3fdebc91e) Importer(815301076,1909f56bfc062723c751e8b465ee728b)  -> (artifact id: 'df2c17e4cdbf28a380d45b87709a7fea') in 0.010349 seconds
  Import took 0.014667 seconds .

========================================================================
Received Import Request.
  Time since last request: 0.000288 seconds.
  path: Assets/Toon Shader URP/Sub Graphs/Specular Ramping Module.shadersubgraph
  artifactKey: Guid(5a013dab35856bd42bd14d7c98bfd392) Importer(815301076,1909f56bfc062723c751e8b465ee728b)
Start importing Assets/Toon Shader URP/Sub Graphs/Specular Ramping Module.shadersubgraph using Guid(5a013dab35856bd42bd14d7c98bfd392) Importer(815301076,1909f56bfc062723c751e8b465ee728b)  -> (artifact id: '3d985cdc180bca4038f1b53420d81a18') in 0.005943 seconds
  Import took 0.010431 seconds .

========================================================================
Received Prepare
Registering precompiled user dll's ...
Registered in 0.002406 seconds.
Begin MonoManager ReloadAssembly
Native extension for WindowsStandalone target not found
Refreshing native plugins compatible for Editor in 0.44 ms, found 0 plugins.
Preloading 0 native plugins for Editor in 0.00 ms.
Invoked RoslynAnalysisRunner static constructor.
RoslynAnalysisRunner will not be running.
RoslynAnalysisRunner has terminated.
Mono: successfully reloaded assembly
- Completed reload, in  1.247 seconds
Platform modules already initialized, skipping
Shader 'Universal Render Pipeline/Particles/Lit': fallback shader 'Universal Render Pipeline/Particles/SimpleLit' not found
Refreshing native plugins compatible for Editor in 0.45 ms, found 0 plugins.
Preloading 0 native plugins for Editor in 0.00 ms.
Unloading 2395 Unused Serialized files (Serialized files now loaded: 0)
System memory in use before: 114.2 MB.
System memory in use after: 114.4 MB.

Unloading 5 unused Assets to reduce memory usage. Loaded Objects now: 2983.
Total: 2.527400 ms (FindLiveObjects: 0.282600 ms CreateObjectMapping: 0.108400 ms MarkObjects: 2.112400 ms  DeleteObjects: 0.022500 ms)

========================================================================
Received Import Request.
  Time since last request: 984.228773 seconds.
  path: Assets/URP Toon Shader/Ramp Collections/Sample Ramp Collection.asset
  artifactKey: Guid(d7f22544bb8992242bef9574b6a0a665) Importer(815301076,1909f56bfc062723c751e8b465ee728b)
Start importing Assets/URP Toon Shader/Ramp Collections/Sample Ramp Collection.asset using Guid(d7f22544bb8992242bef9574b6a0a665) Importer(815301076,1909f56bfc062723c751e8b465ee728b)  -> (artifact id: '5f61f0d687f1ec256beb88d35f1c858e') in 0.024816 seconds
  Import took 0.029414 seconds .

AssetImportWorkerClient::OnTransportError - code=2 error=End of file
